  Prueba Opengl dos histograma.cpp
C:\Users\1742284\Documents\Septimo semestre\Procesamiento de imagenes\Prueba Opengl dos histograma\Prueba Opengl dos histograma\Prueba Opengl dos histograma.cpp(160,26): warning C4018: '<': no coinciden signed/unsigned
C:\Users\1742284\Documents\Septimo semestre\Procesamiento de imagenes\Prueba Opengl dos histograma\Prueba Opengl dos histograma\Prueba Opengl dos histograma.cpp(162,29): warning C4018: '<': no coinciden signed/unsigned
C:\Users\1742284\Documents\Septimo semestre\Procesamiento de imagenes\Prueba Opengl dos histograma\Prueba Opengl dos histograma\Prueba Opengl dos histograma.cpp(180,26): warning C4018: '<': no coinciden signed/unsigned
C:\Users\1742284\Documents\Septimo semestre\Procesamiento de imagenes\Prueba Opengl dos histograma\Prueba Opengl dos histograma\Prueba Opengl dos histograma.cpp(182,29): warning C4018: '<': no coinciden signed/unsigned
C:\Users\1742284\Documents\Septimo semestre\Procesamiento de imagenes\Prueba Opengl dos histograma\Prueba Opengl dos histograma\Prueba Opengl dos histograma.cpp(206,26): warning C4018: '<': no coinciden signed/unsigned
C:\Users\1742284\Documents\Septimo semestre\Procesamiento de imagenes\Prueba Opengl dos histograma\Prueba Opengl dos histograma\Prueba Opengl dos histograma.cpp(207,29): warning C4018: '<': no coinciden signed/unsigned
C:\Users\1742284\Documents\Septimo semestre\Procesamiento de imagenes\Prueba Opengl dos histograma\Prueba Opengl dos histograma\Prueba Opengl dos histograma.cpp(201,26): warning C4101: 'bc': variable local sin referencia
C:\Users\1742284\Documents\Septimo semestre\Procesamiento de imagenes\Prueba Opengl dos histograma\Prueba Opengl dos histograma\Prueba Opengl dos histograma.cpp(201,18): warning C4101: 'rc': variable local sin referencia
C:\Users\1742284\Documents\Septimo semestre\Procesamiento de imagenes\Prueba Opengl dos histograma\Prueba Opengl dos histograma\Prueba Opengl dos histograma.cpp(201,22): warning C4101: 'gc': variable local sin referencia
C:\Users\1742284\Documents\Septimo semestre\Procesamiento de imagenes\Prueba Opengl dos histograma\Prueba Opengl dos histograma\Prueba Opengl dos histograma.cpp(229,26): warning C4018: '<': no coinciden signed/unsigned
C:\Users\1742284\Documents\Septimo semestre\Procesamiento de imagenes\Prueba Opengl dos histograma\Prueba Opengl dos histograma\Prueba Opengl dos histograma.cpp(231,29): warning C4018: '<': no coinciden signed/unsigned
C:\Users\1742284\Documents\Septimo semestre\Procesamiento de imagenes\Prueba Opengl dos histograma\Prueba Opengl dos histograma\Prueba Opengl dos histograma.cpp(251,26): warning C4018: '<': no coinciden signed/unsigned
C:\Users\1742284\Documents\Septimo semestre\Procesamiento de imagenes\Prueba Opengl dos histograma\Prueba Opengl dos histograma\Prueba Opengl dos histograma.cpp(253,29): warning C4018: '<': no coinciden signed/unsigned
C:\Users\1742284\Documents\Septimo semestre\Procesamiento de imagenes\Prueba Opengl dos histograma\Prueba Opengl dos histograma\Prueba Opengl dos histograma.cpp(282,26): warning C4018: '<': no coinciden signed/unsigned
C:\Users\1742284\Documents\Septimo semestre\Procesamiento de imagenes\Prueba Opengl dos histograma\Prueba Opengl dos histograma\Prueba Opengl dos histograma.cpp(284,29): warning C4018: '<': no coinciden signed/unsigned
C:\Users\1742284\Documents\Septimo semestre\Procesamiento de imagenes\Prueba Opengl dos histograma\Prueba Opengl dos histograma\Prueba Opengl dos histograma.cpp(305,26): warning C4018: '<': no coinciden signed/unsigned
C:\Users\1742284\Documents\Septimo semestre\Procesamiento de imagenes\Prueba Opengl dos histograma\Prueba Opengl dos histograma\Prueba Opengl dos histograma.cpp(307,29): warning C4018: '<': no coinciden signed/unsigned
C:\Users\1742284\Documents\Septimo semestre\Procesamiento de imagenes\Prueba Opengl dos histograma\Prueba Opengl dos histograma\Prueba Opengl dos histograma.cpp(326,26): warning C4018: '<': no coinciden signed/unsigned
C:\Users\1742284\Documents\Septimo semestre\Procesamiento de imagenes\Prueba Opengl dos histograma\Prueba Opengl dos histograma\Prueba Opengl dos histograma.cpp(328,29): warning C4018: '<': no coinciden signed/unsigned
C:\Users\1742284\Documents\Septimo semestre\Procesamiento de imagenes\Prueba Opengl dos histograma\Prueba Opengl dos histograma\Prueba Opengl dos histograma.cpp(348,26): warning C4018: '<': no coinciden signed/unsigned
C:\Users\1742284\Documents\Septimo semestre\Procesamiento de imagenes\Prueba Opengl dos histograma\Prueba Opengl dos histograma\Prueba Opengl dos histograma.cpp(350,29): warning C4018: '<': no coinciden signed/unsigned
C:\Users\1742284\Documents\Septimo semestre\Procesamiento de imagenes\Prueba Opengl dos histograma\Prueba Opengl dos histograma\Prueba Opengl dos histograma.cpp(459,26): warning C4018: '<': no coinciden signed/unsigned
C:\Users\1742284\Documents\Septimo semestre\Procesamiento de imagenes\Prueba Opengl dos histograma\Prueba Opengl dos histograma\Prueba Opengl dos histograma.cpp(461,29): warning C4018: '<': no coinciden signed/unsigned
C:\Users\1742284\Documents\Septimo semestre\Procesamiento de imagenes\Prueba Opengl dos histograma\Prueba Opengl dos histograma\Prueba Opengl dos histograma.cpp(481,9): warning C4101: 'auxfil': variable local sin referencia
C:\Users\1742284\Documents\Septimo semestre\Procesamiento de imagenes\Prueba Opengl dos histograma\Prueba Opengl dos histograma\Prueba Opengl dos histograma.cpp(480,7): warning C4101: 'resultado': variable local sin referencia
C:\Users\1742284\Documents\Septimo semestre\Procesamiento de imagenes\Prueba Opengl dos histograma\Prueba Opengl dos histograma\Prueba Opengl dos histograma.cpp(579,7): warning C4101: 'resultado': variable local sin referencia
C:\Users\1742284\Documents\Septimo semestre\Procesamiento de imagenes\Prueba Opengl dos histograma\Prueba Opengl dos histograma\Prueba Opengl dos histograma.cpp(742,7): warning C4101: 'resultado': variable local sin referencia
C:\Users\1742284\Documents\Septimo semestre\Procesamiento de imagenes\Prueba Opengl dos histograma\Prueba Opengl dos histograma\Prueba Opengl dos histograma.cpp(929,21): warning C4018: '<': no coinciden signed/unsigned
  Prueba Opengl dos histograma.vcxproj -> C:\Users\1742284\Documents\Septimo semestre\Procesamiento de imagenes\Prueba Opengl dos histograma\Debug\Prueba Opengl dos histograma.exe
